Using pre-set license
Built from '2021.3/staging' branch; Version is '2021.3.0f1 (6eacc8284459) revision 7253192'; Using compiler version '192829333'; Build Type 'Release'
OS: 'Windows 11  (10.0.22000) 64bit Professional' Language: 'it' Physical Memory: 16334 MB
BatchMode: 1, IsHumanControllingUs: 0, StartBugReporterOnCrash: 0, Is64bit: 1, IsPro: 1

COMMAND LINE ARGUMENTS:
C:\Program Files\Unity\Hub\Editor\2021.3.0f1\Editor\Unity.exe
-adb2
-batchMode
-noUpm
-name
AssetImportWorker0
-projectPath
C:/UnityProjects/3D RPG
-logFile
Logs/AssetImportWorker0.log
-srvPort
58898
Successfully changed project path to: C:/UnityProjects/3D RPG
C:/UnityProjects/3D RPG
[UnityMemory] Configuration Parameters - Can be set up in boot.config
    "memorysetup-bucket-allocator-granularity=16"
    "memorysetup-bucket-allocator-bucket-count=8"
    "memorysetup-bucket-allocator-block-size=33554432"
    "memorysetup-bucket-allocator-block-count=8"
    "memorysetup-main-allocator-block-size=16777216"
    "memorysetup-thread-allocator-block-size=16777216"
    "memorysetup-gfx-main-allocator-block-size=16777216"
    "memorysetup-gfx-thread-allocator-block-size=16777216"
    "memorysetup-cache-allocator-block-size=4194304"
    "memorysetup-typetree-allocator-block-size=2097152"
    "memorysetup-profiler-bucket-allocator-granularity=16"
    "memorysetup-profiler-bucket-allocator-bucket-count=8"
    "memorysetup-profiler-bucket-allocator-block-size=33554432"
    "memorysetup-profiler-bucket-allocator-block-count=8"
    "memorysetup-profiler-allocator-block-size=16777216"
    "memorysetup-profiler-editor-allocator-block-size=1048576"
    "memorysetup-temp-allocator-size-main=16777216"
    "memorysetup-job-temp-allocator-block-size=2097152"
    "memorysetup-job-temp-allocator-block-size-background=1048576"
    "memorysetup-job-temp-allocator-reduction-small-platforms=262144"
    "memorysetup-temp-allocator-size-background-worker=32768"
    "memorysetup-temp-allocator-size-job-worker=262144"
    "memorysetup-temp-allocator-size-preload-manager=33554432"
    "memorysetup-temp-allocator-size-nav-mesh-worker=65536"
    "memorysetup-temp-allocator-size-audio-worker=65536"
    "memorysetup-temp-allocator-size-cloud-worker=32768"
    "memorysetup-temp-allocator-size-gi-baking-worker=262144"
    "memorysetup-temp-allocator-size-gfx=262144"
Refreshing native plugins compatible for Editor in 48.63 ms, found 0 plugins.
Preloading 0 native plugins for Editor in 0.00 ms.
Initialize engine version: 2021.3.0f1 (6eacc8284459)
[Subsystems] Discovering subsystems at path C:/Program Files/Unity/Hub/Editor/2021.3.0f1/Editor/Data/Resources/UnitySubsystems
[Subsystems] Discovering subsystems at path C:/UnityProjects/3D RPG/Assets
GfxDevice: creating device client; threaded=0; jobified=0
Direct3D:
    Version:  Direct3D 11.0 [level 11.1]
    Renderer: NVIDIA GeForce RTX 3060 Ti (ID=0x2489)
    Vendor:   NVIDIA
    VRAM:     8050 MB
    Driver:   30.0.15.1259
Initialize mono
Mono path[0] = 'C:/Program Files/Unity/Hub/Editor/2021.3.0f1/Editor/Data/Managed'
Mono path[1] = 'C:/Program Files/Unity/Hub/Editor/2021.3.0f1/Editor/Data/MonoBleedingEdge/lib/mono/unityjit-win32'
Mono config path = 'C:/Program Files/Unity/Hub/Editor/2021.3.0f1/Editor/Data/MonoBleedingEdge/etc'
Using monoOptions --debugger-agent=transport=dt_socket,embedding=1,server=y,suspend=n,address=127.0.0.1:56620
Begin MonoManager ReloadAssembly
Registering precompiled unity dll's ...
Register platform support module: C:/Program Files/Unity/Hub/Editor/2021.3.0f1/Editor/Data/PlaybackEngines/WindowsStandaloneSupport/UnityEditor.WindowsStandalone.Extensions.dll
Registered in 0.004330 seconds.
Native extension for WindowsStandalone target not found
Refreshing native plugins compatible for Editor in 53.05 ms, found 0 plugins.
Preloading 0 native plugins for Editor in 0.00 ms.
Mono: successfully reloaded assembly
- Completed reload, in  0.577 seconds
Domain Reload Profiling:
	ReloadAssembly (577ms)
		BeginReloadAssembly (65ms)
			ExecutionOrderSort (0ms)
			DisableScriptedObjects (0ms)
			BackupInstance (0ms)
			ReleaseScriptingObjects (0ms)
			CreateAndSetChildDomain (1ms)
		EndReloadAssembly (409ms)
			LoadAssemblies (63ms)
			RebuildTransferFunctionScriptingTraits (0ms)
			SetupTypeCache (97ms)
			ReleaseScriptCaches (0ms)
			RebuildScriptCaches (26ms)
			SetupLoadedEditorAssemblies (239ms)
				LogAssemblyErrors (0ms)
				InitializePlatformSupportModulesInManaged (7ms)
				SetLoadedEditorAssemblies (0ms)
				RefreshPlugins (53ms)
				BeforeProcessingInitializeOnLoad (1ms)
				ProcessInitializeOnLoadAttributes (134ms)
				ProcessInitializeOnLoadMethodAttributes (44ms)
				AfterProcessingInitializeOnLoad (0ms)
				EditorAssembliesLoaded (0ms)
			ExecutionOrderSort2 (0ms)
			AwakeInstancesAfterBackupRestoration (0ms)
Platform modules already initialized, skipping
Registering precompiled user dll's ...
Registered in 0.002905 seconds.
Begin MonoManager ReloadAssembly
Native extension for WindowsStandalone target not found
Refreshing native plugins compatible for Editor in 51.48 ms, found 0 plugins.
Preloading 0 native plugins for Editor in 0.00 ms.
Mono: successfully reloaded assembly
- Completed reload, in  0.907 seconds
Domain Reload Profiling:
	ReloadAssembly (908ms)
		BeginReloadAssembly (99ms)
			ExecutionOrderSort (0ms)
			DisableScriptedObjects (6ms)
			BackupInstance (0ms)
			ReleaseScriptingObjects (0ms)
			CreateAndSetChildDomain (19ms)
		EndReloadAssembly (701ms)
			LoadAssemblies (61ms)
			RebuildTransferFunctionScriptingTraits (0ms)
			SetupTypeCache (157ms)
			ReleaseScriptCaches (1ms)
			RebuildScriptCaches (53ms)
			SetupLoadedEditorAssemblies (386ms)
				LogAssemblyErrors (0ms)
				InitializePlatformSupportModulesInManaged (4ms)
				SetLoadedEditorAssemblies (0ms)
				RefreshPlugins (52ms)
				BeforeProcessingInitializeOnLoad (70ms)
				ProcessInitializeOnLoadAttributes (183ms)
				ProcessInitializeOnLoadMethodAttributes (71ms)
				AfterProcessingInitializeOnLoad (6ms)
				EditorAssembliesLoaded (0ms)
			ExecutionOrderSort2 (0ms)
			AwakeInstancesAfterBackupRestoration (7ms)
Platform modules already initialized, skipping
========================================================================
Worker process is ready to serve import requests
Launched and connected shader compiler UnityShaderCompiler.exe after 0.04 seconds
Refreshing native plugins compatible for Editor in 0.54 ms, found 0 plugins.
Preloading 0 native plugins for Editor in 0.00 ms.
Unloading 2941 Unused Serialized files (Serialized files now loaded: 0)
Unloading 30 unused Assets / (418.0 KB). Loaded Objects now: 3435.
Memory consumption went from 156.7 MB to 156.3 MB.
Total: 2.932500 ms (FindLiveObjects: 0.299100 ms CreateObjectMapping: 0.079000 ms MarkObjects: 2.311900 ms  DeleteObjects: 0.240700 ms)

AssetImportParameters requested are different than current active one (requested -> active):
  custom:video-decoder-ogg-theora: a1e56fd34408186e4bbccfd4996cb3dc -> 
  custom:container-muxer-webm: aa71ff27fc2769a1b78a27578f13a17b -> 
  custom:container-demuxer-webm: 4f35f7cbe854078d1ac9338744f61a02 -> 
  custom:video-encoder-webm-vp8: eb34c28f22e8b96e1ab97ce403110664 -> 
  custom:video-codec-MediaFoundation-h265: e54d7ab0439102e2317fc1e4b246158d -> 
  custom:audio-encoder-webm-vorbis: bf7c407c2cedff20999df2af8eb42d56 -> 
  custom:framework-win-MediaFoundation: 216162199b28c13a410421893ffa2e32 -> 
  custom:container-demuxer-ogg: 62fdf1f143b41e24485cea50d1cbac27 -> 
  custom:video-decoder-webm-vp8: 9c59270c3fd7afecdb556c50c9e8de78 -> 
  custom:audio-decoder-ogg-vorbis: bf7c407c2cedff20999df2af8eb42d56 -> 
========================================================================
Received Import Request.
  Time since last request: 244434.197770 seconds.
  path: Assets/Rendering/UniversalRenderPipelineAsset_Renderer.asset
  artifactKey: Guid(5459c3fcffe6e9742992a41880ddc7a0) Importer(815301076,1909f56bfc062723c751e8b465ee728b)
Start importing Assets/Rendering/UniversalRenderPipelineAsset_Renderer.asset using Guid(5459c3fcffe6e9742992a41880ddc7a0) Importer(815301076,1909f56bfc062723c751e8b465ee728b)  -> (artifact id: 'e658b57bff9447f77d0254c3bea5389f') in 0.032172 seconds 
========================================================================
Received Import Request.
  Time since last request: 0.000023 seconds.
  path: Assets/Rendering/UniversalRenderPipelineAsset.asset
  artifactKey: Guid(f964e6a55c6988345ab29c3185eba0a5) Importer(815301076,1909f56bfc062723c751e8b465ee728b)
Start importing Assets/Rendering/UniversalRenderPipelineAsset.asset using Guid(f964e6a55c6988345ab29c3185eba0a5) Importer(815301076,1909f56bfc062723c751e8b465ee728b)  -> (artifact id: 'c183a9d723b2a319d90a980eb2a87f34') in 0.006004 seconds 
========================================================================
Received Import Request.
  Time since last request: 0.000025 seconds.
  path: Assets/Rendering
  artifactKey: Guid(f58fd81e9939adc4682714b84f92685d) Importer(815301076,1909f56bfc062723c751e8b465ee728b)
Start importing Assets/Rendering using Guid(f58fd81e9939adc4682714b84f92685d) Importer(815301076,1909f56bfc062723c751e8b465ee728b)  -> (artifact id: 'cab6e2408a8202c0eac475a209bf4185') in 0.005215 seconds 
========================================================================
Received Import Request.
  Time since last request: 438.329806 seconds.
  path: Assets/Audio
  artifactKey: Guid(2977dd50dd51d6b49a5593ded6439d92) Importer(815301076,1909f56bfc062723c751e8b465ee728b)
Start importing Assets/Audio using Guid(2977dd50dd51d6b49a5593ded6439d92) Importer(815301076,1909f56bfc062723c751e8b465ee728b)  -> (artifact id: 'bb1ccc4d54377e69d6a697dd69730d21') in 0.006892 seconds 
========================================================================
Received Import Request.
  Time since last request: 36.874780 seconds.
  path: Assets/Game/Characters
  artifactKey: Guid(c2ef8932768a9744b83f4bc2d51e6b81) Importer(815301076,1909f56bfc062723c751e8b465ee728b)
Start importing Assets/Game/Characters using Guid(c2ef8932768a9744b83f4bc2d51e6b81) Importer(815301076,1909f56bfc062723c751e8b465ee728b)  -> (artifact id: 'bc9c2b061f5db0b3f699782390a840fe') in 0.006303 seconds 
========================================================================
Received Import Request.
  Time since last request: 9.084415 seconds.
  path: Assets/Game/Characters/Character.prefab
  artifactKey: Guid(b9d0722e1fbc8b548806185a1cb66702) Importer(815301076,1909f56bfc062723c751e8b465ee728b)
Start importing Assets/Game/Characters/Character.prefab using Guid(b9d0722e1fbc8b548806185a1cb66702) Importer(815301076,1909f56bfc062723c751e8b465ee728b)  -> (artifact id: '699d091c3e38cfc544b9ced11293244a') in 0.057082 seconds 
========================================================================
Received Import Request.
  Time since last request: 2.885488 seconds.
  path: Assets/Game/Characters/Player
  artifactKey: Guid(b35c5c51abb33284f973801e8e148371) Importer(815301076,1909f56bfc062723c751e8b465ee728b)
Start importing Assets/Game/Characters/Player using Guid(b35c5c51abb33284f973801e8e148371) Importer(815301076,1909f56bfc062723c751e8b465ee728b)  -> (artifact id: '664248577211c2f960c51742cfd3d0e5') in 0.005434 seconds 
========================================================================
Received Import Request.
  Time since last request: 5.338754 seconds.
  path: Assets/Game/Characters/Enemies
  artifactKey: Guid(e3e85190b2a327d459191920454e6cf3) Importer(815301076,1909f56bfc062723c751e8b465ee728b)
Start importing Assets/Game/Characters/Enemies using Guid(e3e85190b2a327d459191920454e6cf3) Importer(815301076,1909f56bfc062723c751e8b465ee728b)  -> (artifact id: '0aa7e1392ff6eaea026e61b25bd8569e') in 0.005477 seconds 
========================================================================
Received Import Request.
  Time since last request: 31.875145 seconds.
  path: Assets/UI
  artifactKey: Guid(bc6bbfc64ebe5b04aab494998d9d79cb) Importer(815301076,1909f56bfc062723c751e8b465ee728b)
Start importing Assets/UI using Guid(bc6bbfc64ebe5b04aab494998d9d79cb) Importer(815301076,1909f56bfc062723c751e8b465ee728b)  -> (artifact id: 'fac03dafe3b7c4c07d1f76a4a931ca48') in 0.004997 seconds 
========================================================================
Received Import Request.
  Time since last request: 8.502934 seconds.
  path: Assets/UI/HUD.prefab
  artifactKey: Guid(ac5604a3c9bf88141b253413a53bc6d3) Importer(815301076,1909f56bfc062723c751e8b465ee728b)
Start importing Assets/UI/HUD.prefab using Guid(ac5604a3c9bf88141b253413a53bc6d3) Importer(815301076,1909f56bfc062723c751e8b465ee728b)  -> (artifact id: '297ba7412eb6f5549b33db9693914393') in 0.026741 seconds 
========================================================================
Received Import Request.
  Time since last request: 4.177317 seconds.
  path: Assets/Materials
  artifactKey: Guid(e5d1d1034297ff9438b356de91d5d568) Importer(815301076,1909f56bfc062723c751e8b465ee728b)
Start importing Assets/Materials using Guid(e5d1d1034297ff9438b356de91d5d568) Importer(815301076,1909f56bfc062723c751e8b465ee728b)  -> (artifact id: '54e463f5f8bf276e808b46f995b0d259') in 0.005035 seconds 
========================================================================
Received Import Request.
  Time since last request: 0.047741 seconds.
  path: Assets/Materials/Blue.mat
  artifactKey: Guid(5b0a11a4b3377db4e859a8281462f048) Importer(815301076,1909f56bfc062723c751e8b465ee728b)
Start importing Assets/Materials/Blue.mat using Guid(5b0a11a4b3377db4e859a8281462f048) Importer(815301076,1909f56bfc062723c751e8b465ee728b)  -> (artifact id: 'b77e0dc7af500cffaec7c331b189ba3f') in 0.211891 seconds 
========================================================================
Received Import Request.
  Time since last request: 32.464914 seconds.
  path: Assets/Scenes
  artifactKey: Guid(51b10c18eaa18d4468a8633f883275b7) Importer(815301076,1909f56bfc062723c751e8b465ee728b)
Start importing Assets/Scenes using Guid(51b10c18eaa18d4468a8633f883275b7) Importer(815301076,1909f56bfc062723c751e8b465ee728b)  -> (artifact id: 'e08229e1e02ca2d8ca20cc143d666407') in 0.005037 seconds 
